<?xml version="1.0" encoding="UTF-8"?>
<!-- Generated by org.testng.reporters.JUnitXMLReporter -->
<testsuite ignored="1" hostname="KAMRAN-KHAN" failures="0" tests="2" name="Default test" time="27.023" errors="0" timestamp="2023-05-18T11:03:25 IST">
  <testcase classname="com.baseclass.LoginTest" name="login" time="20.446"/>
  <testcase classname="com.baseclass.LoginTest" name="applyLeave" time="2.599"/>
  <testcase classname="com.baseclass.LoginTest" name="loginWithInvalidCred" time="0.0">
    <ignored/>
  </testcase> <!-- loginWithInvalidCred -->
</testsuite> <!-- Default test -->
