<?xml version="1.0" encoding="UTF-8"?>
<testng-results ignored="1" total="3" passed="2" failed="0" skipped="0">
  <reporter-output>
  </reporter-output>
  <suite started-at="2023-05-18T11:02:58 IST" name="Default suite" finished-at="2023-05-18T11:03:25 IST" duration-ms="27023">
    <groups>
    </groups>
    <test started-at="2023-05-18T11:02:58 IST" name="Default test" finished-at="2023-05-18T11:03:25 IST" duration-ms="27023">
      <class name="com.baseclass.LoginTest">
        <test-method is-config="true" signature="beforeTest()[pri:0, instance:com.baseclass.LoginTest@22ff4249]" started-at="2023-05-18T11:02:58 IST" name="beforeTest" finished-at="2023-05-18T11:03:01 IST" duration-ms="3663" status="PASS">
          <reporter-output>
          </reporter-output>
        </test-method> <!-- beforeTest -->
        <test-method signature="login()[pri:0, instance:com.baseclass.LoginTest@22ff4249]" started-at="2023-05-18T11:03:01 IST" name="login" finished-at="2023-05-18T11:03:22 IST" duration-ms="20446" status="PASS">
          <reporter-output>
          </reporter-output>
        </test-method> <!-- login -->
        <test-method signature="applyLeave()[pri:0, instance:com.baseclass.LoginTest@22ff4249]" started-at="2023-05-18T11:03:22 IST" name="applyLeave" finished-at="2023-05-18T11:03:24 IST" depends-on-methods="com.baseclass.LoginTest.login" duration-ms="2599" status="PASS">
          <reporter-output>
          </reporter-output>
        </test-method> <!-- applyLeave -->
        <test-method is-config="true" signature="afterTest()[pri:0, instance:com.baseclass.LoginTest@22ff4249]" started-at="2023-05-18T11:03:24 IST" name="afterTest" finished-at="2023-05-18T11:03:25 IST" duration-ms="245" status="PASS">
          <reporter-output>
          </reporter-output>
        </test-method> <!-- afterTest -->
      </class> <!-- com.baseclass.LoginTest -->
    </test> <!-- Default test -->
  </suite> <!-- Default suite -->
</testng-results>
